<?xml version="1.0" encoding="UTF-8"?>
<!-- Generated by org.testng.reporters.JUnitXMLReporter -->
<testsuite ignored="0" hostname="QT-INBG-LT0992" failures="0" tests="3" name="Test" time="18.631" errors="0" timestamp="2022-09-19T18:05:12 IST">
  <testcase classname="com.quality.qualitylandingpath.Signupmethod" name="launchBrowser" time="4.673"/>
  <testcase classname="com.quality.qualitylandingpath.Signinmethod$SignIn" name="launchBrowser" time="6.538"/>
  <testcase classname="com.quality.qualitylandingpath.ContactUs" name="contact" time="7.38"/>
</testsuite> <!-- Test -->
