<?xml version="1.0" encoding="UTF-8"?>
<testng-results ignored="0" total="3" passed="3" failed="0" skipped="0">
  <reporter-output>
  </reporter-output>
  <suite started-at="2022-09-19T18:04:53 IST" name="Suite" finished-at="2022-09-19T18:05:11 IST" duration-ms="18631">
    <groups>
    </groups>
    <test started-at="2022-09-19T18:04:53 IST" name="Test" finished-at="2022-09-19T18:05:11 IST" duration-ms="18631">
      <class name="com.quality.qualitylandingpath.Signupmethod">
        <test-method signature="launchBrowser()[pri:0, instance:com.quality.qualitylandingpath.Signupmethod@32ee6fee]" started-at="2022-09-19T18:04:53 IST" name="launchBrowser" finished-at="2022-09-19T18:04:58 IST" duration-ms="4673" status="PASS">
          <reporter-output>
          </reporter-output>
        </test-method> <!-- launchBrowser -->
      </class> <!-- com.quality.qualitylandingpath.Signupmethod -->
      <class name="com.quality.qualitylandingpath.Signinmethod$SignIn">
        <test-method signature="launchBrowser()[pri:0, instance:com.quality.qualitylandingpath.Signinmethod$SignIn@1e04fa0a]" started-at="2022-09-19T18:04:58 IST" name="launchBrowser" finished-at="2022-09-19T18:05:04 IST" duration-ms="6538" status="PASS">
          <reporter-output>
          </reporter-output>
        </test-method> <!-- launchBrowser -->
      </class> <!-- com.quality.qualitylandingpath.Signinmethod$SignIn -->
      <class name="com.quality.qualitylandingpath.ContactUs">
        <test-method signature="contact()[pri:0, instance:com.quality.qualitylandingpath.ContactUs@1af2d44a]" started-at="2022-09-19T18:05:04 IST" name="contact" finished-at="2022-09-19T18:05:11 IST" duration-ms="7380" status="PASS">
          <reporter-output>
          </reporter-output>
        </test-method> <!-- contact -->
      </class> <!-- com.quality.qualitylandingpath.ContactUs -->
    </test> <!-- Test -->
  </suite> <!-- Suite -->
</testng-results>
